#
# A fatal error has been detected by the Java Runtime Environment:
#
#  SIGSEGV (0xb) at pc=0x00007f65941ba851, pid=21053, tid=140074153678592
#
# JRE version: 7.0_21-b02
# Java VM: OpenJDK 64-Bit Server VM (23.7-b01 mixed mode linux-amd64 compressed oops)
# Problematic frame:
# C  [sqlite-3.7.2-libsqlitejdbc.so+0x10851]  sqlite3_data_count+0x47
#
# Failed to write core dump. Core dumps have been disabled. To enable core dumping, try "ulimit -c unlimited" before starting Java again
#
# If you would like to submit a bug report, please include
# instructions on how to reproduce the bug and visit:
#   https://bugs.launchpad.net/ubuntu/+source/openjdk-7/
# The crash happened outside the Java Virtual Machine in native code.
# See problematic frame for where to report the bug.
#

---------------  T H R E A D  ---------------

Current thread (0x00007f6550006800):  JavaThread "RMI TCP Connection(4)-127.0.0.1" daemon [_thread_in_native, id=21153, stack(0x00007f658e1c1000,0x00007f658e2c2000)]

siginfo:si_signo=SIGSEGV: si_errno=0, si_code=1 (SEGV_MAPERR), si_addr=0x0000000000000058

Registers:
RAX=0x0000000000000002, RBX=0x0000000000000000, RCX=0x0000000000000000, RDX=0x00007f65941d68be
RSP=0x00007f658e2bf5e0, RBP=0x0000000000000000, RSI=0x0000000000000000, RDI=0x00007f652c001eb8
R8 =0x0000000000000001, R9 =0x0000000000000000, R10=0x00007f6597f8793a, R11=0x00007f65a111c6e0
R12=0x0000000000000000, R13=0x00007f652c001eb8, R14=0x0000000000000000, R15=0x00007f65941d68be
RIP=0x00007f65941ba851, EFLAGS=0x0000000000010246, CSGSFS=0x0000000000000033, ERR=0x0000000000000004
  TRAPNO=0x000000000000000e

Top of Stack: (sp=0x00007f658e2bf5e0)
0x00007f658e2bf5e0:   00007f658e2bf9a0 00007f65500069d8
0x00007f658e2bf5f0:   00007f658e2bf6a0 0000000000000000
0x00007f658e2bf600:   000000077a11ffd8 00007f658e2bf6d8
0x00007f658e2bf610:   00007f6550006800 00007f65941b707a
0x00007f658e2bf620:   000000077a11ffd8 00007f6597f87966
0x00007f658e2bf630:   00007f658e2bf6a0 00007f6597f87718
0x00007f658e2bf640:   00007f6560158900 00007f6597f876e4
0x00007f658e2bf650:   0000000000000003 00000007844097a0
0x00007f658e2bf660:   00007f658e2bf650 000000077a11ffd8
0x00007f658e2bf670:   00007f658e2bf6d8 000000077a129aa8
0x00007f658e2bf680:   0000000000000000 000000077a11ffd8
0x00007f658e2bf690:   0000000000000000 00007f658e2bf6c0
0x00007f658e2bf6a0:   00007f658e2bf740 00007f6597f7b333
0x00007f658e2bf6b0:   0000000000000000 00007f6597f83ddb
0x00007f658e2bf6c0:   0000000000000000 00007f652c001eb8
0x00007f658e2bf6d0:   00007f658e2bf740 00000007844097a0
0x00007f658e2bf6e0:   0000000000000000 00000007d700eb98
0x00007f658e2bf6f0:   0000000000000003 00000007844097a0
0x00007f658e2bf700:   00007f658e2bf6f0 000000077a1267ea
0x00007f658e2bf710:   00007f658e2bf770 000000077a129308
0x00007f658e2bf720:   0000000000000000 000000077a126838
0x00007f658e2bf730:   00007f658e2bf6c0 00007f658e2bf760
0x00007f658e2bf740:   00007f658e2bf7c0 00007f6597f7b333
0x00007f658e2bf750:   0000000000000000 00000007d700eb98
0x00007f658e2bf760:   00007f652c001eb8 00007f652c001eb8
0x00007f658e2bf770:   00000007844097a0 0000000784409860
0x00007f658e2bf780:   00007f658e2bf780 000000077a1a605e
0x00007f658e2bf790:   00007f658e2bf7d0 000000077a1af838
0x00007f658e2bf7a0:   0000000000000000 000000077a1a60a8
0x00007f658e2bf7b0:   00007f658e2bf760 00007f658e2bf7d0
0x00007f658e2bf7c0:   00007f658e2bf818 00007f6597f7b333
0x00007f658e2bf7d0:   0000000784409668 00007f658e2bf7d8 

Instructions: (pc=0x00007f65941ba851)
0x00007f65941ba831:   f5 53 48 83 ec 08 4c 8b 27 e8 61 b3 ff ff 39 c5
0x00007f65941ba841:   89 c3 7d 04 85 ed 79 04 31 db eb 3c 41 0f af de
0x00007f65941ba851:   49 8b 7c 24 58 e8 35 b7 ff ff 8d 3c 2b 48 63 ff
0x00007f65941ba861:   48 6b ff 38 49 03 7d 40 41 ff d7 41 80 7c 24 2a 

Register to memory mapping:

RAX=0x0000000000000002 is an unknown value
RBX=0x0000000000000000 is an unknown value
RCX=0x0000000000000000 is an unknown value
RDX=0x00007f65941d68be: sqlite3_value_text16+0 in /tmp/sqlite-3.7.2-libsqlitejdbc.so at 0x00007f65941aa000
RSP=0x00007f658e2bf5e0 is pointing into the stack for thread: 0x00007f6550006800
RBP=0x0000000000000000 is an unknown value
RSI=0x0000000000000000 is an unknown value
RDI=0x00007f652c001eb8 is an unknown value
R8 =0x0000000000000001 is an unknown value
R9 =0x0000000000000000 is an unknown value
R10=0x00007f6597f8793a is an Interpreter codelet
method entry point (kind = native_synchronized)  [0x00007f6597f87560, 0x00007f6597f87f20]  2496 bytes
R11=0x00007f65a111c6e0: <offset 0x7816e0> in /usr/lib/jvm/java-7-openjdk-amd64/jre/lib/amd64/server/libjvm.so at 0x00007f65a099b000
R12=0x0000000000000000 is an unknown value
R13=0x00007f652c001eb8 is an unknown value
R14=0x0000000000000000 is an unknown value
R15=0x00007f65941d68be: sqlite3_value_text16+0 in /tmp/sqlite-3.7.2-libsqlitejdbc.so at 0x00007f65941aa000


Stack: [0x00007f658e1c1000,0x00007f658e2c2000],  sp=0x00007f658e2bf5e0,  free space=1017k
Native frames: (J=compiled Java code, j=interpreted, Vv=VM code, C=native code)
C  [sqlite-3.7.2-libsqlitejdbc.so+0x10851]  sqlite3_data_count+0x47

[error occurred during error reporting (printing native stack), id 0xb]

Java frames: (J=compiled Java code, j=interpreted, Vv=VM code)
j  org.sqlite.NativeDB.column_name(JI)Ljava/lang/String;+0
j  org.sqlite.DB.column_names(J)[Ljava/lang/String;+26
j  org.sqlite.Stmt.getResultSet()Ljava/sql/ResultSet;+70
j  org.sqlite.Stmt.executeQuery(Ljava/lang/String;)Ljava/sql/ResultSet;+39
j  server.BookStore.fetchData(Ljava/lang/String;)Ljava/sql/ResultSet;+5
j  server.BookStore.fetchDescription(Ljava/lang/String;)Ljava/util/ArrayList;+39
v  ~StubRoutines::call_stub
j  sun.reflect.NativeMethodAccessorImpl.invoke0(Ljava/lang/reflect/Method;Ljava/lang/Object;[Ljava/lang/Object;)Ljava/lang/Object;+0
j  sun.reflect.NativeMethodAccessorImpl.invoke(Ljava/lang/Object;[Ljava/lang/Object;)Ljava/lang/Object;+87
j  sun.reflect.DelegatingMethodAccessorImpl.invoke(Ljava/lang/Object;[Ljava/lang/Object;)Ljava/lang/Object;+6
j  java.lang.reflect.Method.invoke(Ljava/lang/Object;[Ljava/lang/Object;)Ljava/lang/Object;+57
j  sun.rmi.server.UnicastServerRef.dispatch(Ljava/rmi/Remote;Ljava/rmi/server/RemoteCall;)V+242
j  sun.rmi.transport.Transport$1.run()Ljava/lang/Void;+23
j  sun.rmi.transport.Transport$1.run()Ljava/lang/Object;+1
v  ~StubRoutines::call_stub
j  java.security.AccessController.doPrivileged(Ljava/security/PrivilegedExceptionAction;Ljava/security/AccessControlContext;)Ljava/lang/Object;+0
j  sun.rmi.transport.Transport.serviceCall(Ljava/rmi/server/RemoteCall;)Z+163
j  sun.rmi.transport.tcp.TCPTransport.handleMessages(Lsun/rmi/transport/Connection;Z)V+185
j  sun.rmi.transport.tcp.TCPTransport$ConnectionHandler.run0()V+685
j  sun.rmi.transport.tcp.TCPTransport$ConnectionHandler.run()V+50
j  java.util.concurrent.ThreadPoolExecutor.runWorker(Ljava/util/concurrent/ThreadPoolExecutor$Worker;)V+95
j  java.util.concurrent.ThreadPoolExecutor$Worker.run()V+5
j  java.lang.Thread.run()V+11
v  ~StubRoutines::call_stub

---------------  P R O C E S S  ---------------

Java Threads: ( => current thread )
=>0x00007f6550006800 JavaThread "RMI TCP Connection(4)-127.0.0.1" daemon [_thread_in_native, id=21153, stack(0x00007f658e1c1000,0x00007f658e2c2000)]
  0x00007f6550005000 JavaThread "RMI TCP Connection(3)-127.0.0.1" daemon [_thread_blocked, id=21129, stack(0x00007f658e2c2000,0x00007f658e3c3000)]
  0x00007f6550003800 JavaThread "RMI TCP Connection(2)-127.0.0.1" daemon [_thread_in_Java, id=21104, stack(0x00007f658e3c3000,0x00007f658e4c4000)]
  0x00007f659c009000 JavaThread "DestroyJavaVM" [_thread_blocked, id=21058, stack(0x00007f65a23a5000,0x00007f65a24a6000)]
  0x00007f6550002000 JavaThread "RMI TCP Connection(idle)" daemon [_thread_blocked, id=21078, stack(0x00007f658e6c6000,0x00007f658e7c7000)]
  0x00007f659c2cf000 JavaThread "RMI Scheduler(0)" daemon [_thread_blocked, id=21075, stack(0x00007f658e7c7000,0x00007f658e8c8000)]
  0x00007f659c2ab000 JavaThread "GC Daemon" daemon [_thread_blocked, id=21073, stack(0x00007f658e8c8000,0x00007f658e9c9000)]
  0x00007f659c2a4800 JavaThread "RMI Reaper" [_thread_blocked, id=21072, stack(0x00007f658e9c9000,0x00007f658eaca000)]
  0x00007f659c29b800 JavaThread "RMI TCP Accept-0" daemon [_thread_in_native, id=21071, stack(0x00007f65940a9000,0x00007f65941aa000)]
  0x00007f659c10f800 JavaThread "Service Thread" daemon [_thread_blocked, id=21069, stack(0x00007f6594533000,0x00007f6594634000)]
  0x00007f659c10d000 JavaThread "C2 CompilerThread1" daemon [_thread_blocked, id=21068, stack(0x00007f6594634000,0x00007f6594735000)]
  0x00007f659c10a000 JavaThread "C2 CompilerThread0" daemon [_thread_in_vm, id=21067, stack(0x00007f6594735000,0x00007f6594836000)]
  0x00007f659c108000 JavaThread "Signal Dispatcher" daemon [_thread_blocked, id=21066, stack(0x00007f6594836000,0x00007f6594937000)]
  0x00007f659c0b2000 JavaThread "Finalizer" daemon [_thread_blocked, id=21065, stack(0x00007f6595018000,0x00007f6595119000)]
  0x00007f659c0af800 JavaThread "Reference Handler" daemon [_thread_blocked, id=21064, stack(0x00007f6595119000,0x00007f659521a000)]

Other Threads:
  0x00007f659c0a7000 VMThread [stack: 0x00007f659521a000,0x00007f659531b000] [id=21063]
  0x00007f659c11a000 WatcherThread [stack: 0x00007f6594432000,0x00007f6594533000] [id=21070]

VM state:not at safepoint (normal execution)

VM Mutex/Monitor currently owned by a thread:  ([mutex/lock_event])
[0x00007f659c005f60] Compile_lock - owner thread: 0x0000000000000000

Heap
 PSYoungGen      total 36928K, used 4436K [0x00000007d6c00000, 0x00000007d9530000, 0x0000000800000000)
  eden space 31680K, 14% used [0x00000007d6c00000,0x00000007d7055090,0x00000007d8af0000)
  from space 5248K, 0% used [0x00000007d8af0000,0x00000007d8af0000,0x00000007d9010000)
  to   space 5248K, 0% used [0x00000007d9010000,0x00000007d9010000,0x00000007d9530000)
 ParOldGen       total 84480K, used 630K [0x0000000784400000, 0x0000000789680000, 0x00000007d6c00000)
  object space 84480K, 0% used [0x0000000784400000,0x000000078449da58,0x0000000789680000)
 PSPermGen       total 21248K, used 6014K [0x0000000779e00000, 0x000000077b2c0000, 0x0000000784400000)
  object space 21248K, 28% used [0x0000000779e00000,0x000000077a3df968,0x000000077b2c0000)

Card table byte_map: [0x00007f6597b43000,0x00007f6597f75000] byte_map_base: 0x00007f6593f74000

Polling page: 0x00007f65a23a4000

Code Cache  [0x00007f6597f75000, 0x00007f65981e5000, 0x00007f659af75000)
 total_blobs=246 nmethods=30 adapters=169 free_code_cache=48695Kb largest_free_block=49845440

Compilation events (10 events):
Event: 0.342 Thread 0x00007f659c10a000   24             java.lang.String::charAt (29 bytes)
Event: 0.342 Thread 0x00007f659c10a000 nmethod 24 0x00007f6597fe7090 code [0x00007f6597fe71e0, 0x00007f6597fe7298]
Event: 0.477 Thread 0x00007f659c10d000   25             sun.reflect.ClassFileAssembler::emitByte (11 bytes)
Event: 0.477 Thread 0x00007f659c10a000   26             sun.reflect.ByteVectorImpl::add (38 bytes)
Event: 0.479 Thread 0x00007f659c10a000 nmethod 26 0x00007f6597fe2c50 code [0x00007f6597fe2da0, 0x00007f6597fe2ea8]
Event: 0.479 Thread 0x00007f659c10d000 nmethod 25 0x00007f6597fe7650 code [0x00007f6597fe77a0, 0x00007f6597fe78e8]
Event: 3.898 Thread 0x00007f659c10a000   27             java.lang.Object::<init> (1 bytes)
Event: 3.898 Thread 0x00007f659c10a000 nmethod 27 0x00007f6597fe2a10 code [0x00007f6597fe2b40, 0x00007f6597fe2bd8]
Event: 3.928 Thread 0x00007f659c10d000   28             java.lang.String::lastIndexOf (52 bytes)
Event: 3.930 Thread 0x00007f659c10d000 nmethod 28 0x00007f6597fe9f10 code [0x00007f6597fea060, 0x00007f6597fea1e8]

GC Heap History (4 events):
Event: 0.353 GC heap before
{Heap before GC invocations=1 (full 0):
 PSYoungGen      total 36928K, used 2559K [0x00000007d6c00000, 0x00000007d9530000, 0x0000000800000000)
  eden space 31680K, 8% used [0x00000007d6c00000,0x00000007d6e7fdf8,0x00000007d8af0000)
  from space 5248K, 0% used [0x00000007d9010000,0x00000007d9010000,0x00000007d9530000)
  to   space 5248K, 0% used [0x00000007d8af0000,0x00000007d8af0000,0x00000007d9010000)
 ParOldGen       total 84480K, used 0K [0x0000000784400000, 0x0000000789680000, 0x00000007d6c00000)
  object space 84480K, 0% used [0x0000000784400000,0x0000000784400000,0x0000000789680000)
 PSPermGen       total 21248K, used 5143K [0x0000000779e00000, 0x000000077b2c0000, 0x0000000784400000)
  object space 21248K, 24% used [0x0000000779e00000,0x000000077a305c38,0x000000077b2c0000)
Event: 0.355 GC heap after
Heap after GC invocations=1 (full 0):
 PSYoungGen      total 36928K, used 736K [0x00000007d6c00000, 0x00000007d9530000, 0x0000000800000000)
  eden space 31680K, 0% used [0x00000007d6c00000,0x00000007d6c00000,0x00000007d8af0000)
  from space 5248K, 14% used [0x00000007d8af0000,0x00000007d8ba8000,0x00000007d9010000)
  to   space 5248K, 0% used [0x00000007d9010000,0x00000007d9010000,0x00000007d9530000)
 ParOldGen       total 84480K, used 8K [0x0000000784400000, 0x0000000789680000, 0x00000007d6c00000)
  object space 84480K, 0% used [0x0000000784400000,0x0000000784402000,0x0000000789680000)
 PSPermGen       total 21248K, used 5143K [0x0000000779e00000, 0x000000077b2c0000, 0x0000000784400000)
  object space 21248K, 24% used [0x0000000779e00000,0x000000077a305c38,0x000000077b2c0000)
}
Event: 0.355 GC heap before
{Heap before GC invocations=2 (full 1):
 PSYoungGen      total 36928K, used 736K [0x00000007d6c00000, 0x00000007d9530000, 0x0000000800000000)
  eden space 31680K, 0% used [0x00000007d6c00000,0x00000007d6c00000,0x00000007d8af0000)
  from space 5248K, 14% used [0x00000007d8af0000,0x00000007d8ba8000,0x00000007d9010000)
  to   space 5248K, 0% used [0x00000007d9010000,0x00000007d9010000,0x00000007d9530000)
 ParOldGen       total 84480K, used 8K [0x0000000784400000, 0x0000000789680000, 0x00000007d6c00000)
  object space 84480K, 0% used [0x0000000784400000,0x0000000784402000,0x0000000789680000)
 PSPermGen       total 21248K, used 5143K [0x0000000779e00000, 0x000000077b2c0000, 0x0000000784400000)
  object space 21248K, 24% used [0x0000000779e00000,0x000000077a305c38,0x000000077b2c0000)
Event: 0.365 GC heap after
Heap after GC invocations=2 (full 1):
 PSYoungGen      total 36928K, used 0K [0x00000007d6c00000, 0x00000007d9530000, 0x0000000800000000)
  eden space 31680K, 0% used [0x00000007d6c00000,0x00000007d6c00000,0x00000007d8af0000)
  from space 5248K, 0% used [0x00000007d8af0000,0x00000007d8af0000,0x00000007d9010000)
  to   space 5248K, 0% used [0x00000007d9010000,0x00000007d9010000,0x00000007d9530000)
 ParOldGen       total 84480K, used 630K [0x0000000784400000, 0x0000000789680000, 0x00000007d6c00000)
  object space 84480K, 0% used [0x0000000784400000,0x000000078449da58,0x0000000789680000)
 PSPermGen       total 21248K, used 5140K [0x0000000779e00000, 0x000000077b2c0000, 0x0000000784400000)
  object space 21248K, 24% used [0x0000000779e00000,0x000000077a305240,0x000000077b2c0000)
}

Deoptimization events (2 events):
Event: 0.242 Thread 0x00007f659c009000 Uncommon trap 18 fr.pc 0x00007f6597fdd08c
Event: 0.243 Thread 0x00007f659c009000 Uncommon trap -83 fr.pc 0x00007f6597fd849c

Internal exceptions (10 events):
Event: 0.304 Thread 0x00007f659c009000 Threw 0x00000007d6d305c0 at /build/buildd/openjdk-7-7u21-2.3.9/build/openjdk/hotspot/src/share/vm/prims/jvm.cpp:1166
Event: 0.305 Thread 0x00007f659c009000 Threw 0x00000007d6d34290 at /build/buildd/openjdk-7-7u21-2.3.9/build/openjdk/hotspot/src/share/vm/prims/jvm.cpp:1166
Event: 0.306 Thread 0x00007f659c009000 Threw 0x00000007d6d3d058 at /build/buildd/openjdk-7-7u21-2.3.9/build/openjdk/hotspot/src/share/vm/prims/jvm.cpp:1166
Event: 0.307 Thread 0x00007f659c009000 Threw 0x00000007d6d498c8 at /build/buildd/openjdk-7-7u21-2.3.9/build/openjdk/hotspot/src/share/vm/prims/jvm.cpp:1166
Event: 0.335 Thread 0x00007f659c009000 Threw 0x00000007d6d74238 at /build/buildd/openjdk-7-7u21-2.3.9/build/openjdk/hotspot/src/share/vm/prims/jvm.cpp:1166
Event: 0.335 Thread 0x00007f659c009000 Threw 0x00000007d6d74ff0 at /build/buildd/openjdk-7-7u21-2.3.9/build/openjdk/hotspot/src/share/vm/prims/jvm.cpp:1166
Event: 0.481 Thread 0x00007f6550002000 Threw 0x00000007d6ee9b98 at /build/buildd/openjdk-7-7u21-2.3.9/build/openjdk/hotspot/src/share/vm/prims/jni.cpp:1631
Event: 3.927 Thread 0x00007f6550003800 Threw 0x00000007d6f92730 at /build/buildd/openjdk-7-7u21-2.3.9/build/openjdk/hotspot/src/share/vm/prims/jvm.cpp:1166
Event: 3.928 Thread 0x00007f6550003800 Threw 0x00000007d6f96238 at /build/buildd/openjdk-7-7u21-2.3.9/build/openjdk/hotspot/src/share/vm/prims/jvm.cpp:1166
Event: 33.933 Thread 0x00007f6550003800 Threw 0x00000007d6f98cf0 at /build/buildd/openjdk-7-7u21-2.3.9/build/openjdk/hotspot/src/share/vm/runtime/reflection.cpp:1039

Events (10 events):
Event: 5.848 Thread 0x00007f6550005000 Thread added: 0x00007f6550005000
Event: 14.387 Thread 0x00007f6550006800 Thread added: 0x00007f6550006800
Event: 15.485 loading class 0x00007f659c299480
Event: 15.485 loading class 0x00007f659c299480 done
Event: 15.485 loading class 0x00007f659c0b4cc0
Event: 15.486 loading class 0x00007f659c0b4cc0 done
Event: 33.933 loading class 0x00007f659c1828f0
Event: 33.933 loading class 0x00007f659c1828f0 done
Event: 33.933 loading class 0x00007f659c02cae0
Event: 33.933 loading class 0x00007f659c02cae0 done


Dynamic libraries:
00400000-00401000 r-xp 00000000 08:06 1878                               /usr/lib/jvm/java-7-openjdk-amd64/jre/bin/java
00600000-00601000 r--p 00000000 08:06 1878                               /usr/lib/jvm/java-7-openjdk-amd64/jre/bin/java
00601000-00602000 rw-p 00001000 08:06 1878                               /usr/lib/jvm/java-7-openjdk-amd64/jre/bin/java
008ea000-0090b000 rw-p 00000000 00:00 0                                  [heap]
779e00000-77b2c0000 rw-p 00000000 00:00 0 
77b2c0000-784400000 rw-p 00000000 00:00 0 
784400000-789680000 rw-p 00000000 00:00 0 
789680000-7d6c00000 rw-p 00000000 00:00 0 
7d6c00000-7d9530000 rw-p 00000000 00:00 0 
7d9530000-800000000 rw-p 00000000 00:00 0 
7f652c000000-7f652c021000 rw-p 00000000 00:00 0 
7f652c021000-7f6530000000 ---p 00000000 00:00 0 
7f6534000000-7f653402d000 rw-p 00000000 00:00 0 
7f653402d000-7f6538000000 ---p 00000000 00:00 0 
7f6538000000-7f6538021000 rw-p 00000000 00:00 0 
7f6538021000-7f653c000000 ---p 00000000 00:00 0 
7f653c000000-7f653c021000 rw-p 00000000 00:00 0 
7f653c021000-7f6540000000 ---p 00000000 00:00 0 
7f6540000000-7f6540021000 rw-p 00000000 00:00 0 
7f6540021000-7f6544000000 ---p 00000000 00:00 0 
7f6544000000-7f6544021000 rw-p 00000000 00:00 0 
7f6544021000-7f6548000000 ---p 00000000 00:00 0 
7f6548000000-7f6548021000 rw-p 00000000 00:00 0 
7f6548021000-7f654c000000 ---p 00000000 00:00 0 
7f654c000000-7f654c021000 rw-p 00000000 00:00 0 
7f654c021000-7f6550000000 ---p 00000000 00:00 0 
7f6550000000-7f6550021000 rw-p 00000000 00:00 0 
7f6550021000-7f6554000000 ---p 00000000 00:00 0 
7f6554000000-7f6554302000 rw-p 00000000 00:00 0 
7f6554302000-7f6558000000 ---p 00000000 00:00 0 
7f6558000000-7f6558021000 rw-p 00000000 00:00 0 
7f6558021000-7f655c000000 ---p 00000000 00:00 0 
7f655c000000-7f655c021000 rw-p 00000000 00:00 0 
7f655c021000-7f6560000000 ---p 00000000 00:00 0 
7f6560000000-7f656023e000 rw-p 00000000 00:00 0 
7f656023e000-7f6564000000 ---p 00000000 00:00 0 
7f6564000000-7f6564021000 rw-p 00000000 00:00 0 
7f6564021000-7f6568000000 ---p 00000000 00:00 0 
7f6568000000-7f6568021000 rw-p 00000000 00:00 0 
7f6568021000-7f656c000000 ---p 00000000 00:00 0 
7f656c000000-7f656c021000 rw-p 00000000 00:00 0 
7f656c021000-7f6570000000 ---p 00000000 00:00 0 
7f6573cf0000-7f6578000000 rw-p 00000000 00:00 0 
7f6578000000-7f6578021000 rw-p 00000000 00:00 0 
7f6578021000-7f657c000000 ---p 00000000 00:00 0 
7f6580000000-7f6580021000 rw-p 00000000 00:00 0 
7f6580021000-7f6584000000 ---p 00000000 00:00 0 
7f6588000000-7f6588021000 rw-p 00000000 00:00 0 
7f6588021000-7f658c000000 ---p 00000000 00:00 0 
7f658e1c1000-7f658e1c4000 ---p 00000000 00:00 0 
7f658e1c4000-7f658e2c2000 rw-p 00000000 00:00 0                          [stack:21153]
7f658e2c2000-7f658e2c5000 ---p 00000000 00:00 0 
7f658e2c5000-7f658e3c3000 rw-p 00000000 00:00 0                          [stack:21129]
7f658e3c3000-7f658e3c6000 ---p 00000000 00:00 0 
7f658e3c6000-7f658e4c4000 rw-p 00000000 00:00 0                          [stack:21104]
7f658e4c4000-7f658e4c5000 r-xp 00000000 08:06 803206                     /usr/lib/jvm/java-7-openjdk-amd64/jre/lib/amd64/librmi.so
7f658e4c5000-7f658e6c4000 ---p 00001000 08:06 803206                     /usr/lib/jvm/java-7-openjdk-amd64/jre/lib/amd64/librmi.so
7f658e6c4000-7f658e6c5000 r--p 00000000 08:06 803206                     /usr/lib/jvm/java-7-openjdk-amd64/jre/lib/amd64/librmi.so
7f658e6c5000-7f658e6c6000 rw-p 00001000 08:06 803206                     /usr/lib/jvm/java-7-openjdk-amd64/jre/lib/amd64/librmi.so
7f658e6c6000-7f658e6c9000 ---p 00000000 00:00 0 
7f658e6c9000-7f658e7c7000 rw-p 00000000 00:00 0                          [stack:21078]
7f658e7c7000-7f658e7ca000 ---p 00000000 00:00 0 
7f658e7ca000-7f658e8c8000 rw-p 00000000 00:00 0                          [stack:21075]
7f658e8c8000-7f658e8cb000 ---p 00000000 00:00 0 
7f658e8cb000-7f658e9c9000 rw-p 00000000 00:00 0                          [stack:21073]
7f658e9c9000-7f658e9cc000 ---p 00000000 00:00 0 
7f658e9cc000-7f658eaca000 rw-p 00000000 00:00 0                          [stack:21072]
7f658eaca000-7f658eb06000 r-xp 00000000 08:06 135046                     /lib/x86_64-linux-gnu/libpcre.so.3.13.1
7f658eb06000-7f658ed05000 ---p 0003c000 08:06 135046                     /lib/x86_64-linux-gnu/libpcre.so.3.13.1
7f658ed05000-7f658ed06000 r--p 0003b000 08:06 135046                     /lib/x86_64-linux-gnu/libpcre.so.3.13.1
7f658ed06000-7f658ed07000 rw-p 0003c000 08:06 135046                     /lib/x86_64-linux-gnu/libpcre.so.3.13.1
7f658ed07000-7f658ed0e000 r-xp 00000000 08:06 660966                     /usr/lib/x86_64-linux-gnu/libffi.so.6.0.0
7f658ed0e000-7f658ef0d000 ---p 00007000 08:06 660966                     /usr/lib/x86_64-linux-gnu/libffi.so.6.0.0
7f658ef0d000-7f658ef0e000 r--p 00006000 08:06 660966                     /usr/lib/x86_64-linux-gnu/libffi.so.6.0.0
7f658ef0e000-7f658ef0f000 rw-p 00007000 08:06 660966                     /usr/lib/x86_64-linux-gnu/libffi.so.6.0.0
7f658ef0f000-7f658ef27000 r-xp 00000000 08:06 151374                     /lib/x86_64-linux-gnu/libresolv-2.15.so
7f658ef27000-7f658f127000 ---p 00018000 08:06 151374                     /lib/x86_64-linux-gnu/libresolv-2.15.so
7f658f127000-7f658f128000 r--p 00018000 08:06 151374                     /lib/x86_64-linux-gnu/libresolv-2.15.so
7f658f128000-7f658f129000 rw-p 00019000 08:06 151374                     /lib/x86_64-linux-gnu/libresolv-2.15.so
7f658f129000-7f658f12b000 rw-p 00000000 00:00 0 
7f658f12b000-7f658f148000 r-xp 00000000 08:06 135065                     /lib/x86_64-linux-gnu/libselinux.so.1
7f658f148000-7f658f347000 ---p 0001d000 08:06 135065                     /lib/x86_64-linux-gnu/libselinux.so.1
7f658f347000-7f658f348000 r--p 0001c000 08:06 135065                     /lib/x86_64-linux-gnu/libselinux.so.1
7f658f348000-7f658f349000 rw-p 0001d000 08:06 135065                     /lib/x86_64-linux-gnu/libselinux.so.1
7f658f349000-7f658f34a000 rw-p 00000000 00:00 0 
7f658f34a000-7f658f34d000 r-xp 00000000 08:06 651906                     /usr/lib/x86_64-linux-gnu/libgmodule-2.0.so.0.3400.1
7f658f34d000-7f658f54c000 ---p 00003000 08:06 651906                     /usr/lib/x86_64-linux-gnu/libgmodule-2.0.so.0.3400.1
7f658f54c000-7f658f54d000 r--p 00002000 08:06 651906                     /usr/lib/x86_64-linux-gnu/libgmodule-2.0.so.0.3400.1
7f658f54d000-7f658f54e000 rw-p 00003000 08:06 651906                     /usr/lib/x86_64-linux-gnu/libgmodule-2.0.so.0.3400.1
7f658f54e000-7f658f643000 r-xp 00000000 08:06 137779                     /lib/x86_64-linux-gnu/libglib-2.0.so.0.3400.1
7f658f643000-7f658f842000 ---p 000f5000 08:06 137779                     /lib/x86_64-linux-gnu/libglib-2.0.so.0.3400.1
7f658f842000-7f658f843000 r--p 000f4000 08:06 137779                     /lib/x86_64-linux-gnu/libglib-2.0.so.0.3400.1
7f658f843000-7f658f844000 rw-p 000f5000 08:06 137779                     /lib/x86_64-linux-gnu/libglib-2.0.so.0.3400.1
7f658f844000-7f658f845000 rw-p 00000000 00:00 0 
7f658f845000-7f658f892000 r-xp 00000000 08:06 651887                     /usr/lib/x86_64-linux-gnu/libgobject-2.0.so.0.3400.1
7f658f892000-7f658fa92000 ---p 0004d000 08:06 651887                     /usr/lib/x86_64-linux-gnu/libgobject-2.0.so.0.3400.1
7f658fa92000-7f658fa93000 r--p 0004d000 08:06 651887                     /usr/lib/x86_64-linux-gnu/libgobject-2.0.so.0.3400.1
7f658fa93000-7f658fa94000 rw-p 0004e000 08:06 651887                     /usr/lib/x86_64-linux-gnu/libgobject-2.0.so.0.3400.1
7f658fa94000-7f658fbe2000 r-xp 00000000 08:06 651912                     /usr/lib/x86_64-linux-gnu/libgio-2.0.so.0.3400.1
7f658fbe2000-7f658fde1000 ---p 0014e000 08:06 651912                     /usr/lib/x86_64-linux-gnu/libgio-2.0.so.0.3400.1
7f658fde1000-7f658fde5000 r--p 0014d000 08:06 651912                     /usr/lib/x86_64-linux-gnu/libgio-2.0.so.0.3400.1
7f658fde5000-7f658fde7000 rw-p 00151000 08:06 651912                     /usr/lib/x86_64-linux-gnu/libgio-2.0.so.0.3400.1
7f658fde7000-7f658fde9000 rw-p 00000000 00:00 0 
7f658fde9000-7f658fdff000 r-xp 00000000 08:06 803203                     /usr/lib/jvm/java-7-openjdk-amd64/jre/lib/amd64/libnet.so
7f658fdff000-7f658fffe000 ---p 00016000 08:06 803203                     /usr/lib/jvm/java-7-openjdk-amd64/jre/lib/amd64/libnet.so
7f658fffe000-7f658ffff000 r--p 00015000 08:06 803203                     /usr/lib/jvm/java-7-openjdk-amd64/jre/lib/amd64/libnet.so
7f658ffff000-7f6590000000 rw-p 00016000 08:06 803203                     /usr/lib/jvm/java-7-openjdk-amd64/jre/lib/amd64/libnet.so
7f6590000000-7f6590021000 rw-p 00000000 00:00 0 
7f6590021000-7f6594000000 ---p 00000000 00:00 0 
7f65940a9000-7f65940ac000 ---p 00000000 00:00 0 
7f65940ac000-7f65941aa000 rw-p 00000000 00:00 0                          [stack:21071]
7f65941aa000-7f659422e000 r-xp 00000000 08:06 444668                     /tmp/sqlite-3.7.2-libsqlitejdbc.so
7f659422e000-7f659442e000 ---p 00084000 08:06 444668                     /tmp/sqlite-3.7.2-libsqlitejdbc.so
7f659442e000-7f659442f000 r--p 00084000 08:06 444668                     /tmp/sqlite-3.7.2-libsqlitejdbc.so
7f659442f000-7f6594432000 rw-p 00085000 08:06 444668                     /tmp/sqlite-3.7.2-libsqlitejdbc.so
7f6594432000-7f6594433000 ---p 00000000 00:00 0 
7f6594433000-7f6594533000 rw-p 00000000 00:00 0                          [stack:21070]
7f6594533000-7f6594536000 ---p 00000000 00:00 0 
7f6594536000-7f6594634000 rw-p 00000000 00:00 0                          [stack:21069]
7f6594634000-7f6594637000 ---p 00000000 00:00 0 
7f6594637000-7f6594735000 rw-p 00000000 00:00 0                          [stack:21068]
7f6594735000-7f6594738000 ---p 00000000 00:00 0 
7f6594738000-7f6594836000 rw-p 00000000 00:00 0                          [stack:21067]
7f6594836000-7f6594839000 ---p 00000000 00:00 0 
7f6594839000-7f6594937000 rw-p 00000000 00:00 0                          [stack:21066]
7f6594937000-7f6595018000 r--p 00000000 08:06 658818                     /usr/lib/locale/locale-archive
7f6595018000-7f659501b000 ---p 00000000 00:00 0 
7f659501b000-7f6595119000 rw-p 00000000 00:00 0                          [stack:21065]
7f6595119000-7f659511c000 ---p 00000000 00:00 0 
7f659511c000-7f659521a000 rw-p 00000000 00:00 0                          [stack:21064]
7f659521a000-7f659521b000 ---p 00000000 00:00 0 
7f659521b000-7f659633b000 rw-p 00000000 00:00 0                          [stack:21063]
7f659633b000-7f65964e8000 r--s 01cde000 08:06 803193                     /usr/lib/jvm/java-7-openjdk-amd64/jre/lib/rt.jar
7f65964e8000-7f65975ac000 rw-p 00000000 00:00 0 
7f65975ac000-7f65975ad000 ---p 00000000 00:00 0 
7f65975ad000-7f65976ad000 rw-p 00000000 00:00 0                          [stack:21062]
7f65976ad000-7f65976ae000 ---p 00000000 00:00 0 
7f65976ae000-7f65977ae000 rw-p 00000000 00:00 0                          [stack:21061]
7f65977ae000-7f65977af000 ---p 00000000 00:00 0 
7f65977af000-7f65978d9000 rw-p 00000000 00:00 0                          [stack:21060]
7f65978d9000-7f6597b43000 rw-p 00000000 00:00 0 
7f6597b43000-7f6597b4e000 rw-p 00000000 00:00 0 
7f6597b4e000-7f6597b96000 rw-p 00000000 00:00 0 
7f6597b96000-7f6597bc0000 rw-p 00000000 00:00 0 
7f6597bc0000-7f6597e2a000 rw-p 00000000 00:00 0 
7f6597e2a000-7f6597e3f000 rw-p 00000000 00:00 0 
7f6597e3f000-7f6597f74000 rw-p 00000000 00:00 0 
7f6597f74000-7f6597f75000 rw-p 00000000 00:00 0 
7f6597f75000-7f65981e5000 rwxp 00000000 00:00 0 
7f65981e5000-7f659af75000 rw-p 00000000 00:00 0 
7f659af75000-7f659af7d000 r-xp 00000000 08:06 803225                     /usr/lib/jvm/java-7-openjdk-amd64/jre/lib/amd64/libzip.so
7f659af7d000-7f659b17c000 ---p 00008000 08:06 803225                     /usr/lib/jvm/java-7-openjdk-amd64/jre/lib/amd64/libzip.so
7f659b17c000-7f659b17d000 r--p 00007000 08:06 803225                     /usr/lib/jvm/java-7-openjdk-amd64/jre/lib/amd64/libzip.so
7f659b17d000-7f659b17e000 rw-p 00008000 08:06 803225                     /usr/lib/jvm/java-7-openjdk-amd64/jre/lib/amd64/libzip.so
7f659b17e000-7f659b18a000 r-xp 00000000 08:06 150964                     /lib/x86_64-linux-gnu/libnss_files-2.15.so
7f659b18a000-7f659b389000 ---p 0000c000 08:06 150964                     /lib/x86_64-linux-gnu/libnss_files-2.15.so
7f659b389000-7f659b38a000 r--p 0000b000 08:06 150964                     /lib/x86_64-linux-gnu/libnss_files-2.15.so
7f659b38a000-7f659b38b000 rw-p 0000c000 08:06 150964                     /lib/x86_64-linux-gnu/libnss_files-2.15.so
7f659b38b000-7f659b395000 r-xp 00000000 08:06 150586                     /lib/x86_64-linux-gnu/libnss_nis-2.15.so
7f659b395000-7f659b595000 ---p 0000a000 08:06 150586                     /lib/x86_64-linux-gnu/libnss_nis-2.15.so
7f659b595000-7f659b596000 r--p 0000a000 08:06 150586                     /lib/x86_64-linux-gnu/libnss_nis-2.15.so
7f659b596000-7f659b597000 rw-p 0000b000 08:06 150586                     /lib/x86_64-linux-gnu/libnss_nis-2.15.so
7f659b597000-7f659b5ae000 r-xp 00000000 08:06 154678                     /lib/x86_64-linux-gnu/libnsl-2.15.so
7f659b5ae000-7f659b7ad000 ---p 00017000 08:06 154678                     /lib/x86_64-linux-gnu/libnsl-2.15.so
7f659b7ad000-7f659b7ae000 r--p 00016000 08:06 154678                     /lib/x86_64-linux-gnu/libnsl-2.15.so
7f659b7ae000-7f659b7af000 rw-p 00017000 08:06 154678                     /lib/x86_64-linux-gnu/libnsl-2.15.so
7f659b7af000-7f659b7b1000 rw-p 00000000 00:00 0 
7f659b7b1000-7f659b7b9000 r-xp 00000000 08:06 181306                     /lib/x86_64-linux-gnu/libnss_compat-2.15.so
7f659b7b9000-7f659b9b8000 ---p 00008000 08:06 181306                     /lib/x86_64-linux-gnu/libnss_compat-2.15.so
7f659b9b8000-7f659b9b9000 r--p 00007000 08:06 181306                     /lib/x86_64-linux-gnu/libnss_compat-2.15.so
7f659b9b9000-7f659b9ba000 rw-p 00008000 08:06 181306                     /lib/x86_64-linux-gnu/libnss_compat-2.15.so
7f659b9ba000-7f659b9e5000 r-xp 00000000 08:06 803212                     /usr/lib/jvm/java-7-openjdk-amd64/jre/lib/amd64/libjava.so
7f659b9e5000-7f659bbe4000 ---p 0002b000 08:06 803212                     /usr/lib/jvm/java-7-openjdk-amd64/jre/lib/amd64/libjava.so
7f659bbe4000-7f659bbe5000 r--p 0002a000 08:06 803212                     /usr/lib/jvm/java-7-openjdk-amd64/jre/lib/amd64/libjava.so
7f659bbe5000-7f659bbe7000 rw-p 0002b000 08:06 803212                     /usr/lib/jvm/java-7-openjdk-amd64/jre/lib/amd64/libjava.so
7f659bbe7000-7f659bbf6000 r-xp 00000000 08:06 803211                     /usr/lib/jvm/java-7-openjdk-amd64/jre/lib/amd64/libverify.so
7f659bbf6000-7f659bdf5000 ---p 0000f000 08:06 803211                     /usr/lib/jvm/java-7-openjdk-amd64/jre/lib/amd64/libverify.so
7f659bdf5000-7f659bdf7000 r--p 0000e000 08:06 803211                     /usr/lib/jvm/java-7-openjdk-amd64/jre/lib/amd64/libverify.so
7f659bdf7000-7f659bdf8000 rw-p 00010000 08:06 803211                     /usr/lib/jvm/java-7-openjdk-amd64/jre/lib/amd64/libverify.so
7f659bdf8000-7f659bdff000 r-xp 00000000 08:06 151206                     /lib/x86_64-linux-gnu/librt-2.15.so
7f659bdff000-7f659bffe000 ---p 00007000 08:06 151206                     /lib/x86_64-linux-gnu/librt-2.15.so
7f659bffe000-7f659bfff000 r--p 00006000 08:06 151206                     /lib/x86_64-linux-gnu/librt-2.15.so
7f659bfff000-7f659c000000 rw-p 00007000 08:06 151206                     /lib/x86_64-linux-gnu/librt-2.15.so
7f659c000000-7f659c2db000 rw-p 00000000 00:00 0 
7f659c2db000-7f65a0000000 ---p 00000000 00:00 0 
7f65a0032000-7f65a0033000 ---p 00000000 00:00 0 
7f65a0033000-7f65a013e000 rw-p 00000000 00:00 0                          [stack:21059]
7f65a013e000-7f65a0186000 rw-p 00000000 00:00 0 
7f65a0186000-7f65a019b000 r-xp 00000000 08:06 134984                     /lib/x86_64-linux-gnu/libgcc_s.so.1
7f65a019b000-7f65a039a000 ---p 00015000 08:06 134984                     /lib/x86_64-linux-gnu/libgcc_s.so.1
7f65a039a000-7f65a039b000 r--p 00014000 08:06 134984                     /lib/x86_64-linux-gnu/libgcc_s.so.1
7f65a039b000-7f65a039c000 rw-p 00015000 08:06 134984                     /lib/x86_64-linux-gnu/libgcc_s.so.1
7f65a039c000-7f65a0497000 r-xp 00000000 08:06 154849                     /lib/x86_64-linux-gnu/libm-2.15.so
7f65a0497000-7f65a0696000 ---p 000fb000 08:06 154849                     /lib/x86_64-linux-gnu/libm-2.15.so
7f65a0696000-7f65a0697000 r--p 000fa000 08:06 154849                     /lib/x86_64-linux-gnu/libm-2.15.so
7f65a0697000-7f65a0698000 rw-p 000fb000 08:06 154849                     /lib/x86_64-linux-gnu/libm-2.15.so
7f65a0698000-7f65a077d000 r-xp 00000000 08:06 661411                     /usr/lib/x86_64-linux-gnu/libstdc++.so.6.0.17
7f65a077d000-7f65a097c000 ---p 000e5000 08:06 661411                     /usr/lib/x86_64-linux-gnu/libstdc++.so.6.0.17
7f65a097c000-7f65a0984000 r--p 000e4000 08:06 661411                     /usr/lib/x86_64-linux-gnu/libstdc++.so.6.0.17
7f65a0984000-7f65a0986000 rw-p 000ec000 08:06 661411                     /usr/lib/x86_64-linux-gnu/libstdc++.so.6.0.17
7f65a0986000-7f65a099b000 rw-p 00000000 00:00 0 
7f65a099b000-7f65a1396000 r-xp 00000000 08:06 1876                       /usr/lib/jvm/java-7-openjdk-amd64/jre/lib/amd64/server/libjvm.so
7f65a1396000-7f65a1595000 ---p 009fb000 08:06 1876                       /usr/lib/jvm/java-7-openjdk-amd64/jre/lib/amd64/server/libjvm.so
7f65a1595000-7f65a1614000 r--p 009fa000 08:06 1876                       /usr/lib/jvm/java-7-openjdk-amd64/jre/lib/amd64/server/libjvm.so
7f65a1614000-7f65a1637000 rw-p 00a79000 08:06 1876                       /usr/lib/jvm/java-7-openjdk-amd64/jre/lib/amd64/server/libjvm.so
7f65a1637000-7f65a1662000 rw-p 00000000 00:00 0 
7f65a1662000-7f65a1678000 r-xp 00000000 08:06 135093                     /lib/x86_64-linux-gnu/libz.so.1.2.7
7f65a1678000-7f65a1877000 ---p 00016000 08:06 135093                     /lib/x86_64-linux-gnu/libz.so.1.2.7
7f65a1877000-7f65a1878000 r--p 00015000 08:06 135093                     /lib/x86_64-linux-gnu/libz.so.1.2.7
7f65a1878000-7f65a1879000 rw-p 00016000 08:06 135093                     /lib/x86_64-linux-gnu/libz.so.1.2.7
7f65a1879000-7f65a1891000 r-xp 00000000 08:06 150831                     /lib/x86_64-linux-gnu/libpthread-2.15.so
7f65a1891000-7f65a1a90000 ---p 00018000 08:06 150831                     /lib/x86_64-linux-gnu/libpthread-2.15.so
7f65a1a90000-7f65a1a91000 r--p 00017000 08:06 150831                     /lib/x86_64-linux-gnu/libpthread-2.15.so
7f65a1a91000-7f65a1a92000 rw-p 00018000 08:06 150831                     /lib/x86_64-linux-gnu/libpthread-2.15.so
7f65a1a92000-7f65a1a96000 rw-p 00000000 00:00 0 
7f65a1a96000-7f65a1a98000 r-xp 00000000 08:06 181305                     /lib/x86_64-linux-gnu/libdl-2.15.so
7f65a1a98000-7f65a1c98000 ---p 00002000 08:06 181305                     /lib/x86_64-linux-gnu/libdl-2.15.so
7f65a1c98000-7f65a1c99000 r--p 00002000 08:06 181305                     /lib/x86_64-linux-gnu/libdl-2.15.so
7f65a1c99000-7f65a1c9a000 rw-p 00003000 08:06 181305                     /lib/x86_64-linux-gnu/libdl-2.15.so
7f65a1c9a000-7f65a1e4f000 r-xp 00000000 08:06 181307                     /lib/x86_64-linux-gnu/libc-2.15.so
7f65a1e4f000-7f65a204e000 ---p 001b5000 08:06 181307                     /lib/x86_64-linux-gnu/libc-2.15.so
7f65a204e000-7f65a2052000 r--p 001b4000 08:06 181307                     /lib/x86_64-linux-gnu/libc-2.15.so
7f65a2052000-7f65a2054000 rw-p 001b8000 08:06 181307                     /lib/x86_64-linux-gnu/libc-2.15.so
7f65a2054000-7f65a2059000 rw-p 00000000 00:00 0 
7f65a205d000-7f65a205e000 rw-p 00000000 00:00 0 
7f65a205e000-7f65a2063000 r--s 0004c000 08:06 691654                     /usr/lib/jvm/java-7-openjdk-common/jre/lib/jsse.jar
7f65a2063000-7f65a206c000 r--s 000bc000 08:06 678694                     /usr/lib/jvm/java-7-openjdk-common/jre/lib/resources.jar
7f65a206c000-7f65a2071000 r--s 00309000 08:06 1175831                    /home/guilherme/MC823/P3/MC823/RMI/lib/sqlite-jdbc-3.7.2.jar
7f65a2071000-7f65a2073000 r--s 00006000 08:06 31940                      /usr/share/java/java-atk-wrapper.jar
7f65a2073000-7f65a2077000 r--s 00085000 08:06 2943                       /usr/lib/jvm/java-7-openjdk-common/jre/lib/ext/localedata.jar
7f65a2077000-7f65a2079000 r--s 00012000 08:06 2947                       /usr/lib/jvm/java-7-openjdk-common/jre/lib/ext/zipfs.jar
7f65a2079000-7f65a207a000 r--s 00002000 08:06 2946                       /usr/lib/jvm/java-7-openjdk-common/jre/lib/ext/dnsns.jar
7f65a207a000-7f65a207d000 r--s 00032000 08:06 2944                       /usr/lib/jvm/java-7-openjdk-common/jre/lib/ext/sunjce_provider.jar
7f65a207d000-7f65a208a000 r-xp 00000000 08:06 1870                       /usr/lib/jvm/java-7-openjdk-amd64/jre/lib/amd64/jli/libjli.so
7f65a208a000-7f65a2289000 ---p 0000d000 08:06 1870                       /usr/lib/jvm/java-7-openjdk-amd64/jre/lib/amd64/jli/libjli.so
7f65a2289000-7f65a228a000 r--p 0000c000 08:06 1870                       /usr/lib/jvm/java-7-openjdk-amd64/jre/lib/amd64/jli/libjli.so
7f65a228a000-7f65a228b000 rw-p 0000d000 08:06 1870                       /usr/lib/jvm/java-7-openjdk-amd64/jre/lib/amd64/jli/libjli.so
7f65a228b000-7f65a22ad000 r-xp 00000000 08:06 151301                     /lib/x86_64-linux-gnu/ld-2.15.so
7f65a22ad000-7f65a22b0000 r--s 0000f000 08:06 2945                       /usr/lib/jvm/java-7-openjdk-common/jre/lib/ext/pulse-java.jar
7f65a22b0000-7f65a22b3000 r--s 0003c000 08:06 2918                       /usr/lib/jvm/java-7-openjdk-common/jre/lib/ext/sunpkcs11.jar
7f65a22b3000-7f65a22e5000 rw-p 00000000 00:00 0 
7f65a22e5000-7f65a239b000 rw-p 00000000 00:00 0 
7f65a239b000-7f65a23a3000 rw-s 00000000 08:06 444656                     /tmp/hsperfdata_guilherme/21053
7f65a23a3000-7f65a23a4000 rw-p 00000000 00:00 0 
7f65a23a4000-7f65a23a5000 r--p 00000000 00:00 0 
7f65a23a5000-7f65a23a8000 ---p 00000000 00:00 0 
7f65a23a8000-7f65a24ad000 rw-p 00000000 00:00 0                          [stack:21058]
7f65a24ad000-7f65a24ae000 r--p 00022000 08:06 151301                     /lib/x86_64-linux-gnu/ld-2.15.so
7f65a24ae000-7f65a24b0000 rw-p 00023000 08:06 151301                     /lib/x86_64-linux-gnu/ld-2.15.so
7fff18b77000-7fff18b98000 rw-p 00000000 00:00 0                          [stack]
7fff18bca000-7fff18bcb000 r-xp 00000000 00:00 0                          [vdso]
ffffffffff600000-ffffffffff601000 r-xp 00000000 00:00 0                  [vsyscall]

VM Arguments:
jvm_args: -Dfile.encoding=UTF-8 
java_command: server.BookStore
Launcher Type: SUN_STANDARD

Environment Variables:
PATH=/home/guilherme/bin:/usr/lib/lightdm/lightdm:/usr/local/sbin:/usr/local/bin:/usr/sbin:/usr/bin:/sbin:/bin:/usr/games:/usr/local/games
SHELL=/bin/bash
DISPLAY=:0

Signal Handlers:
SIGSEGV: [libjvm.so+0x8574b0], sa_mask[0]=0x7ffbfeff, sa_flags=0x10000004
SIGBUS: [libjvm.so+0x8574b0], sa_mask[0]=0x7ffbfeff, sa_flags=0x10000004
SIGFPE: [libjvm.so+0x6f8200], sa_mask[0]=0x7ffbfeff, sa_flags=0x10000004
SIGPIPE: [libjvm.so+0x6f8200], sa_mask[0]=0x7ffbfeff, sa_flags=0x10000004
SIGXFSZ: [libjvm.so+0x6f8200], sa_mask[0]=0x7ffbfeff, sa_flags=0x10000004
SIGILL: [libjvm.so+0x6f8200], sa_mask[0]=0x7ffbfeff, sa_flags=0x10000004
SIGUSR1: SIG_DFL, sa_mask[0]=0x00000000, sa_flags=0x00000000
SIGUSR2: [libjvm.so+0x6f85d0], sa_mask[0]=0x00000004, sa_flags=0x10000004
SIGHUP: [libjvm.so+0x6f8710], sa_mask[0]=0x7ffbfeff, sa_flags=0x10000004
SIGINT: [libjvm.so+0x6f8710], sa_mask[0]=0x7ffbfeff, sa_flags=0x10000004
SIGTERM: [libjvm.so+0x6f8710], sa_mask[0]=0x7ffbfeff, sa_flags=0x10000004
SIGQUIT: [libjvm.so+0x6f8710], sa_mask[0]=0x7ffbfeff, sa_flags=0x10000004


---------------  S Y S T E M  ---------------

OS:Ubuntu 12.10 (quantal)
uname:Linux 3.5.0-21-generic #32-Ubuntu SMP Tue Dec 11 18:51:59 UTC 2012 x86_64
libc:glibc 2.15 NPTL 2.15 
rlimit: STACK 8192k, CORE 0k, NPROC 63160, NOFILE 4096, AS infinity
load average:0.25 0.46 0.49

/proc/meminfo:
MemTotal:        8103564 kB
MemFree:         1055504 kB
Buffers:          546608 kB
Cached:          2529584 kB
SwapCached:            0 kB
Active:          4815360 kB
Inactive:        1808460 kB
Active(anon):    3630276 kB
Inactive(anon):   347356 kB
Active(file):    1185084 kB
Inactive(file):  1461104 kB
Unevictable:       31336 kB
Mlocked:           31336 kB
SwapTotal:       1952764 kB
SwapFree:        1952764 kB
Dirty:               108 kB
Writeback:             0 kB
AnonPages:       3579024 kB
Mapped:           317616 kB
Shmem:            424180 kB
Slab:             223332 kB
SReclaimable:     177552 kB
SUnreclaim:        45780 kB
KernelStack:        6888 kB
PageTables:        73728 kB
NFS_Unstable:          0 kB
Bounce:                0 kB
WritebackTmp:          0 kB
CommitLimit:     6004544 kB
Committed_AS:   10757192 kB
VmallocTotal:   34359738367 kB
VmallocUsed:      563560 kB
VmallocChunk:   34359092272 kB
HardwareCorrupted:     0 kB
AnonHugePages:         0 kB
HugePages_Total:       0
HugePages_Free:        0
HugePages_Rsvd:        0
HugePages_Surp:        0
Hugepagesize:       2048 kB
DirectMap4k:       55296 kB
DirectMap2M:     8259584 kB


CPU:total 4 (2 cores per cpu, 2 threads per core) family 6 model 37 stepping 5, cmov, cx8, fxsr, mmx, sse, sse2, sse3, ssse3, sse4.1, sse4.2, popcnt, ht, tsc, tscinvbit

/proc/cpuinfo:
processor	: 0
vendor_id	: GenuineIntel
cpu family	: 6
model		: 37
model name	: Intel(R) Core(TM) i5 CPU       M 460  @ 2.53GHz
stepping	: 5
microcode	: 0x2
cpu MHz		: 2528.000
cache size	: 3072 KB
physical id	: 0
siblings	: 4
core id		: 0
cpu cores	: 2
apicid		: 0
initial apicid	: 0
fpu		: yes
fpu_exception	: yes
cpuid level	: 11
wp		: yes
flags		: fpu vme de pse tsc msr pae mce cx8 apic sep mtrr pge mca cmov pat pse36 clflush dts acpi mmx fxsr sse sse2 ss ht tm pbe syscall nx rdtscp lm constant_tsc arch_perfmon pebs bts rep_good nopl xtopology nonstop_tsc aperfmperf pni dtes64 monitor ds_cpl vmx est tm2 ssse3 cx16 xtpr pdcm pcid sse4_1 sse4_2 popcnt lahf_lm ida arat dtherm tpr_shadow vnmi flexpriority ept vpid
bogomips	: 5053.96
clflush size	: 64
cache_alignment	: 64
address sizes	: 36 bits physical, 48 bits virtual
power management:

processor	: 1
vendor_id	: GenuineIntel
cpu family	: 6
model		: 37
model name	: Intel(R) Core(TM) i5 CPU       M 460  @ 2.53GHz
stepping	: 5
microcode	: 0x2
cpu MHz		: 2528.000
cache size	: 3072 KB
physical id	: 0
siblings	: 4
core id		: 2
cpu cores	: 2
apicid		: 4
initial apicid	: 4
fpu		: yes
fpu_exception	: yes
cpuid level	: 11
wp		: yes
flags		: fpu vme de pse tsc msr pae mce cx8 apic sep mtrr pge mca cmov pat pse36 clflush dts acpi mmx fxsr sse sse2 ss ht tm pbe syscall nx rdtscp lm constant_tsc arch_perfmon pebs bts rep_good nopl xtopology nonstop_tsc aperfmperf pni dtes64 monitor ds_cpl vmx est tm2 ssse3 cx16 xtpr pdcm pcid sse4_1 sse4_2 popcnt lahf_lm ida arat dtherm tpr_shadow vnmi flexpriority ept vpid
bogomips	: 5053.96
clflush size	: 64
cache_alignment	: 64
address sizes	: 36 bits physical, 48 bits virtual
power management:

processor	: 2
vendor_id	: GenuineIntel
cpu family	: 6
model		: 37
model name	: Intel(R) Core(TM) i5 CPU       M 460  @ 2.53GHz
stepping	: 5
microcode	: 0x2
cpu MHz		: 2528.000
cache size	: 3072 KB
physical id	: 0
siblings	: 4
core id		: 0
cpu cores	: 2
apicid		: 1
initial apicid	: 1
fpu		: yes
fpu_exception	: yes
cpuid level	: 11
wp		: yes
flags		: fpu vme de pse tsc msr pae mce cx8 apic sep mtrr pge mca cmov pat pse36 clflush dts acpi mmx fxsr sse sse2 ss ht tm pbe syscall nx rdtscp lm constant_tsc arch_perfmon pebs bts rep_good nopl xtopology nonstop_tsc aperfmperf pni dtes64 monitor ds_cpl vmx est tm2 ssse3 cx16 xtpr pdcm pcid sse4_1 sse4_2 popcnt lahf_lm ida arat dtherm tpr_shadow vnmi flexpriority ept vpid
bogomips	: 5053.96
clflush size	: 64
cache_alignment	: 64
address sizes	: 36 bits physical, 48 bits virtual
power management:

processor	: 3
vendor_id	: GenuineIntel
cpu family	: 6
model		: 37
model name	: Intel(R) Core(TM) i5 CPU       M 460  @ 2.53GHz
stepping	: 5
microcode	: 0x2
cpu MHz		: 2528.000
cache size	: 3072 KB
physical id	: 0
siblings	: 4
core id		: 2
cpu cores	: 2
apicid		: 5
initial apicid	: 5
fpu		: yes
fpu_exception	: yes
cpuid level	: 11
wp		: yes
flags		: fpu vme de pse tsc msr pae mce cx8 apic sep mtrr pge mca cmov pat pse36 clflush dts acpi mmx fxsr sse sse2 ss ht tm pbe syscall nx rdtscp lm constant_tsc arch_perfmon pebs bts rep_good nopl xtopology nonstop_tsc aperfmperf pni dtes64 monitor ds_cpl vmx est tm2 ssse3 cx16 xtpr pdcm pcid sse4_1 sse4_2 popcnt lahf_lm ida arat dtherm tpr_shadow vnmi flexpriority ept vpid
bogomips	: 5053.96
clflush size	: 64
cache_alignment	: 64
address sizes	: 36 bits physical, 48 bits virtual
power management:



Memory: 4k page, physical 8103564k(1055504k free), swap 1952764k(1952764k free)

vm_info: OpenJDK 64-Bit Server VM (23.7-b01) for linux-amd64 JRE (1.7.0_21-b02), built on Apr 22 2013 22:26:19 by "buildd" with gcc 4.7.2

time: Sun Jun  9 21:12:48 2013
elapsed time: 33 seconds

